INFO AWT-EventQueue-0 com.whcdit.tlbb.service.impl.RobotService - 【Ctrl+Shift+R=运行】【正在运行中，请不要重复操作】
INFO AWT-EventQueue-0 com.whcdit.tlbb.service.impl.RobotService - 【Ctrl+Shift+R=运行】【正在运行中，请不要重复操作】
INFO AWT-EventQueue-0 com.whcdit.tlbb.service.impl.RobotService - 【Ctrl+Shift+R=运行】【正在运行中，请不要重复操作】
INFO AWT-EventQueue-0 com.whcdit.tlbb.service.impl.RobotService - 【Ctrl+Shift+R=运行】【正在运行中，请不要重复操作】
INFO AWT-EventQueue-0 com.whcdit.tlbb.service.impl.RobotService - 【Ctrl+Shift+R=运行】【正在运行中，请不要重复操作】
INFO AWT-EventQueue-0 com.whcdit.tlbb.service.impl.RobotService - 【Ctrl+Shift+R=运行】【正在运行中，请不要重复操作】
INFO AWT-EventQueue-0 com.whcdit.tlbb.service.impl.RobotService - 【Ctrl+Shift+R=运行】【正在运行中，请不要重复操作】
INFO AWT-EventQueue-0 com.whcdit.tlbb.service.impl.RobotService - 【Ctrl+Shift+R=运行】【正在运行中，请不要重复操作】
INFO AWT-EventQueue-0 com.whcdit.tlbb.service.impl.RobotService - 【Ctrl+Shift+R=运行】【正在运行中，请不要重复操作】
INFO AWT-EventQueue-0 com.whcdit.tlbb.service.impl.RobotService - 【Ctrl+Shift+R=运行】【正在运行中，请不要重复操作】
INFO AWT-EventQueue-0 com.whcdit.tlbb.service.impl.RobotService - 【Ctrl+Shift+R=运行】【正在运行中，请不要重复操作】
INFO main com.whcdit.tlbb.WhcditMain - 【程序启动】
INFO JavaFX Application Thread com.whcdit.tlbb.service.impl.FileService - WhcditParameter [name=街道口的风3, width=600, height=800]
INFO JavaFX Application Thread com.whcdit.tlbb.service.impl.RobotService - 【开始监听键盘】【Ctrl+Shift+R=运行】【Ctrl+Shift+S=停止】
INFO JavaFX Application Thread com.whcdit.tlbb.WhcditMain - 【回调已经成功】
INFO AWT-EventQueue-0 com.whcdit.tlbb.service.impl.RobotService - 【Ctrl+Shift+R=运行】【请先点击授权按钮进行授权操作】
INFO AWT-EventQueue-0 com.whcdit.tlbb.service.impl.RobotService - 【Ctrl+Shift+R=运行】【请先点击授权按钮进行授权操作】
INFO AWT-EventQueue-0 com.whcdit.tlbb.service.impl.RobotService - 【Ctrl+Shift+R=运行】【请先点击授权按钮进行授权操作】
INFO AWT-EventQueue-0 com.whcdit.tlbb.service.impl.RobotService - 【Ctrl+Shift+R=运行】【开始运行】
INFO AWT-EventQueue-0 com.whcdit.tlbb.service.impl.RobotService - 【Ctrl+Shift+R=运行】【正在运行中，请不要重复操作】
INFO AWT-EventQueue-0 com.whcdit.tlbb.service.impl.RobotService - 【Ctrl+Shift+R=运行】【正在运行中，请不要重复操作】
INFO main com.whcdit.tlbb.WhcditMain - 【程序启动】
INFO JavaFX Application Thread com.whcdit.tlbb.service.impl.FileService - WhcditParameter [name=街道口的风3, width=600, height=800]
INFO JavaFX Application Thread com.whcdit.tlbb.service.impl.RobotService - 【开始监听键盘】【Ctrl+Shift+R=运行】【Ctrl+Shift+S=停止】
INFO JavaFX Application Thread com.whcdit.tlbb.WhcditMain - 【回调已经成功】
INFO AWT-EventQueue-0 com.whcdit.tlbb.service.impl.RobotService - 【Ctrl+Shift+R=运行】【开始运行】
INFO AWT-EventQueue-0 com.whcdit.tlbb.service.impl.RobotService - 【Ctrl+Shift+R=运行】【正在运行中，请不要重复操作】
INFO AWT-EventQueue-0 com.whcdit.tlbb.service.impl.RobotService - 【Ctrl+Shift+R=运行】【正在运行中，请不要重复操作】
INFO AWT-EventQueue-0 com.whcdit.tlbb.service.impl.RobotService - 【Ctrl+Shift+R=运行】【正在运行中，请不要重复操作】
INFO AWT-EventQueue-0 com.whcdit.tlbb.service.impl.RobotService - 【Ctrl+Shift+R=运行】【正在运行中，请不要重复操作】
INFO AWT-EventQueue-0 com.whcdit.tlbb.service.impl.RobotService - 【Ctrl+Shift+R=运行】【正在运行中，请不要重复操作】
INFO AWT-EventQueue-0 com.whcdit.tlbb.service.impl.RobotService - 【Ctrl+Shift+R=运行】【正在运行中，请不要重复操作】
INFO AWT-EventQueue-0 com.whcdit.tlbb.service.impl.RobotService - 【Ctrl+Shift+R=运行】【正在运行中，请不要重复操作】
INFO AWT-EventQueue-0 com.whcdit.tlbb.service.impl.RobotService - 【Ctrl+Shift+R=运行】【正在运行中，请不要重复操作】
INFO AWT-EventQueue-0 com.whcdit.tlbb.service.impl.RobotService - 【Ctrl+Shift+R=运行】【正在运行中，请不要重复操作】
INFO AWT-EventQueue-0 com.whcdit.tlbb.service.impl.RobotService - 【Ctrl+Shift+R=运行】【正在运行中，请不要重复操作】
INFO AWT-EventQueue-0 com.whcdit.tlbb.service.impl.RobotService - 【Ctrl+Shift+R=运行】【正在运行中，请不要重复操作】
INFO AWT-EventQueue-0 com.whcdit.tlbb.service.impl.RobotService - 【Ctrl+Shift+R=运行】【正在运行中，请不要重复操作】
INFO AWT-EventQueue-0 com.whcdit.tlbb.service.impl.RobotService - 【Ctrl+Shift+R=运行】【正在运行中，请不要重复操作】
INFO AWT-EventQueue-0 com.whcdit.tlbb.service.impl.RobotService - 【Ctrl+Shift+R=运行】【正在运行中，请不要重复操作】
INFO AWT-EventQueue-0 com.whcdit.tlbb.service.impl.RobotService - 【Ctrl+Shift+R=运行】【正在运行中，请不要重复操作】
INFO AWT-EventQueue-0 com.whcdit.tlbb.service.impl.RobotService - 【Ctrl+Shift+R=运行】【正在运行中，请不要重复操作】
INFO AWT-EventQueue-0 com.whcdit.tlbb.service.impl.RobotService - 【Ctrl+Shift+R=运行】【正在运行中，请不要重复操作】
INFO AWT-EventQueue-0 com.whcdit.tlbb.service.impl.RobotService - 【Ctrl+Shift+R=运行】【正在运行中，请不要重复操作】
INFO AWT-EventQueue-0 com.whcdit.tlbb.service.impl.RobotService - 【Ctrl+Shift+R=运行】【正在运行中，请不要重复操作】
INFO JavaFX Application Thread com.whcdit.tlbb.WhcditMain - 【用户直接关闭了程序窗口】
INFO main com.whcdit.tlbb.WhcditMain - 【程序关闭】
INFO main com.whcdit.tlbb.WhcditMain - 【程序启动】
INFO JavaFX Application Thread com.whcdit.tlbb.service.impl.FileService - WhcditParameter [name=街道口的风3, width=600, height=800]
INFO JavaFX Application Thread com.whcdit.tlbb.service.impl.RobotService - 【开始监听键盘】【Ctrl+Shift+R=运行】【Ctrl+Shift+S=停止】
INFO JavaFX Application Thread com.whcdit.tlbb.WhcditMain - 【回调已经成功】
INFO AWT-EventQueue-0 com.whcdit.tlbb.service.impl.RobotService - 【Ctrl+Shift+R=运行】【开始运行】
INFO AWT-EventQueue-0 com.whcdit.tlbb.service.impl.RobotService - 【Ctrl+Shift+R=运行】【正在运行中，请不要重复操作】
INFO AWT-EventQueue-0 com.whcdit.tlbb.service.impl.RobotService - 【Ctrl+Shift+R=运行】【正在运行中，请不要重复操作】
INFO AWT-EventQueue-0 com.whcdit.tlbb.service.impl.RobotService - 【Ctrl+Shift+R=运行】【正在运行中，请不要重复操作】
INFO AWT-EventQueue-0 com.whcdit.tlbb.service.impl.RobotService - 【Ctrl+Shift+R=运行】【正在运行中，请不要重复操作】
INFO AWT-EventQueue-0 com.whcdit.tlbb.service.impl.RobotService - 【Ctrl+Shift+R=运行】【正在运行中，请不要重复操作】
INFO AWT-EventQueue-0 com.whcdit.tlbb.service.impl.RobotService - 【Ctrl+Shift+R=运行】【正在运行中，请不要重复操作】
INFO AWT-EventQueue-0 com.whcdit.tlbb.service.impl.RobotService - 【Ctrl+Shift+R=运行】【正在运行中，请不要重复操作】
INFO AWT-EventQueue-0 com.whcdit.tlbb.service.impl.RobotService - 【Ctrl+Shift+R=运行】【正在运行中，请不要重复操作】
INFO AWT-EventQueue-0 com.whcdit.tlbb.service.impl.RobotService - 【Ctrl+Shift+R=运行】【正在运行中，请不要重复操作】
INFO AWT-EventQueue-0 com.whcdit.tlbb.service.impl.RobotService - 【Ctrl+Shift+R=运行】【正在运行中，请不要重复操作】
INFO AWT-EventQueue-0 com.whcdit.tlbb.service.impl.RobotService - 【Ctrl+Shift+R=运行】【正在运行中，请不要重复操作】
INFO AWT-EventQueue-0 com.whcdit.tlbb.service.impl.RobotService - 【Ctrl+Shift+R=运行】【正在运行中，请不要重复操作】
INFO AWT-EventQueue-0 com.whcdit.tlbb.service.impl.RobotService - 【Ctrl+Shift+R=运行】【正在运行中，请不要重复操作】
INFO AWT-EventQueue-0 com.whcdit.tlbb.service.impl.RobotService - 【Ctrl+Shift+R=运行】【正在运行中，请不要重复操作】
INFO AWT-EventQueue-0 com.whcdit.tlbb.service.impl.RobotService - 【Ctrl+Shift+R=运行】【正在运行中，请不要重复操作】
INFO AWT-EventQueue-0 com.whcdit.tlbb.service.impl.RobotService - 【Ctrl+Shift+R=运行】【正在运行中，请不要重复操作】
INFO AWT-EventQueue-0 com.whcdit.tlbb.service.impl.RobotService - 【Ctrl+Shift+R=运行】【正在运行中，请不要重复操作】
INFO AWT-EventQueue-0 com.whcdit.tlbb.service.impl.RobotService - 【Ctrl+Shift+R=运行】【正在运行中，请不要重复操作】
INFO AWT-EventQueue-0 com.whcdit.tlbb.service.impl.RobotService - 【Ctrl+Shift+R=运行】【正在运行中，请不要重复操作】
INFO AWT-EventQueue-0 com.whcdit.tlbb.service.impl.RobotService - 【Ctrl+Shift+R=运行】【正在运行中，请不要重复操作】
INFO AWT-EventQueue-0 com.whcdit.tlbb.service.impl.RobotService - 【Ctrl+Shift+R=运行】【正在运行中，请不要重复操作】
INFO AWT-EventQueue-0 com.whcdit.tlbb.service.impl.RobotService - 【Ctrl+Shift+R=运行】【正在运行中，请不要重复操作】
INFO AWT-EventQueue-0 com.whcdit.tlbb.service.impl.RobotService - 【Ctrl+Shift+R=运行】【正在运行中，请不要重复操作】
INFO AWT-EventQueue-0 com.whcdit.tlbb.service.impl.RobotService - 【Ctrl+Shift+R=运行】【正在运行中，请不要重复操作】
INFO AWT-EventQueue-0 com.whcdit.tlbb.service.impl.RobotService - 【Ctrl+Shift+R=运行】【正在运行中，请不要重复操作】
INFO main com.whcdit.tlbb.WhcditMain - 【程序启动】
INFO JavaFX Application Thread com.whcdit.tlbb.service.impl.FileService - WhcditParameter [name=街道口的风3, width=600, height=800]
INFO JavaFX Application Thread com.whcdit.tlbb.service.impl.RobotService - 【开始监听键盘】【Ctrl+Shift+R=运行】【Ctrl+Shift+S=停止】
INFO JavaFX Application Thread com.whcdit.tlbb.WhcditMain - 【回调已经成功】
INFO JavaFX Application Thread com.whcdit.tlbb.WhcditMain - 【用户直接关闭了程序窗口】
INFO main com.whcdit.tlbb.WhcditMain - 【程序关闭】
INFO main com.whcdit.tlbb.WhcditMain - 【程序启动】
INFO JavaFX Application Thread com.whcdit.tlbb.service.impl.FileService - WhcditParameter [name=街道口的风3, width=600, height=800]
INFO JavaFX Application Thread com.whcdit.tlbb.service.impl.RobotService - 【开始监听键盘】【Ctrl+Shift+R=运行】【Ctrl+Shift+S=停止】
INFO JavaFX Application Thread com.whcdit.tlbb.WhcditMain - 【回调已经成功】
INFO AWT-EventQueue-0 com.whcdit.tlbb.service.impl.RobotService - 【Ctrl+Shift+R=运行】【开始运行】
INFO AWT-EventQueue-0 com.whcdit.tlbb.service.impl.RobotService - 【智慧人生】【鼠标移动到[X:200][Y:200]坐标】
INFO JavaFX Application Thread com.whcdit.tlbb.WhcditMain - 【用户直接关闭了程序窗口】
INFO main com.whcdit.tlbb.WhcditMain - 【程序关闭】
INFO main com.whcdit.tlbb.WhcditMain - 【程序启动】
INFO JavaFX Application Thread com.whcdit.tlbb.service.impl.FileService - WhcditParameter [name=街道口的风3, width=600, height=800]
INFO JavaFX Application Thread com.whcdit.tlbb.service.impl.RobotService - 【开始监听键盘】【Ctrl+Shift+R=运行】【Ctrl+Shift+S=停止】
INFO JavaFX Application Thread com.whcdit.tlbb.WhcditMain - 【回调已经成功】
INFO AWT-EventQueue-0 com.whcdit.tlbb.service.impl.RobotService - 【Ctrl+Shift+R=运行】【开始运行】
INFO AWT-EventQueue-0 com.whcdit.tlbb.service.impl.RobotService - 【智慧人生】【鼠标移动到起始坐标：X:500，Y:500】
INFO main com.whcdit.tlbb.WhcditMain - 【程序启动】
INFO JavaFX Application Thread com.whcdit.tlbb.service.impl.FileService - WhcditParameter [name=街道口的风3, width=600, height=800]
INFO JavaFX Application Thread com.whcdit.tlbb.service.impl.RobotService - 【开始监听键盘】【Ctrl+Shift+R=运行】【Ctrl+Shift+S=停止】
INFO JavaFX Application Thread com.whcdit.tlbb.WhcditMain - 【回调已经成功】
INFO AWT-EventQueue-0 com.whcdit.tlbb.service.impl.RobotService - 【Ctrl+Shift+R=运行】【开始运行】
INFO AWT-EventQueue-0 com.whcdit.tlbb.service.impl.RobotService - 【智慧人生】【鼠标移动到起始坐标：X:500，Y:500】
INFO main com.whcdit.tlbb.WhcditMain - 【程序启动】
INFO JavaFX Application Thread com.whcdit.tlbb.service.impl.FileService - WhcditParameter [name=街道口的风3, width=600, height=800]
INFO JavaFX Application Thread com.whcdit.tlbb.service.impl.RobotService - 【开始监听键盘】【Ctrl+Shift+R=运行】【Ctrl+Shift+S=停止】
INFO JavaFX Application Thread com.whcdit.tlbb.WhcditMain - 【回调已经成功】
INFO AWT-EventQueue-0 com.whcdit.tlbb.service.impl.RobotService - 【Ctrl+Shift+R=运行】【开始运行】
INFO AWT-EventQueue-0 com.whcdit.tlbb.service.impl.RobotService - 【智慧人生】【鼠标移动到起始坐标：X:500，Y:500】
INFO main com.whcdit.tlbb.WhcditMain - 【程序启动】
INFO JavaFX Application Thread com.whcdit.tlbb.service.impl.FileService - WhcditParameter [name=街道口的风3, width=600, height=800]
INFO JavaFX Application Thread com.whcdit.tlbb.service.impl.RobotService - 【开始监听键盘】【Ctrl+Shift+R=运行】【Ctrl+Shift+S=停止】
INFO JavaFX Application Thread com.whcdit.tlbb.WhcditMain - 【回调已经成功】
INFO JavaFX Application Thread com.whcdit.tlbb.WhcditMain - 【用户直接关闭了程序窗口】
INFO main com.whcdit.tlbb.WhcditMain - 【程序关闭】
INFO main com.whcdit.tlbb.WhcditMain - 【程序启动】
INFO JavaFX Application Thread com.whcdit.tlbb.service.impl.FileService - WhcditParameter [name=街道口的风3, width=600, height=800]
INFO JavaFX Application Thread com.whcdit.tlbb.service.impl.RobotService - 【开始监听键盘】【Ctrl+Shift+R=运行】【Ctrl+Shift+S=停止】
INFO JavaFX Application Thread com.whcdit.tlbb.WhcditMain - 【回调已经成功】
INFO AWT-EventQueue-0 com.whcdit.tlbb.service.impl.RobotService - 【Ctrl+Shift+R=运行】【开始运行】
INFO AWT-EventQueue-0 com.whcdit.tlbb.service.impl.RobotService - 【智慧人生】【鼠标移动到起始坐标：X:500，Y:500】
INFO AWT-EventQueue-0 com.whcdit.tlbb.service.impl.RobotService - 【智慧人生】【鼠标先点中目标程序】
INFO main com.whcdit.tlbb.WhcditMain - 【程序启动】
INFO JavaFX Application Thread com.whcdit.tlbb.service.impl.FileService - WhcditParameter [name=街道口的风3, width=600, height=800]
INFO JavaFX Application Thread com.whcdit.tlbb.service.impl.RobotService - 【开始监听键盘】【Ctrl+Shift+R=运行】【Ctrl+Shift+S=停止】
INFO JavaFX Application Thread com.whcdit.tlbb.WhcditMain - 【回调已经成功】
INFO AWT-EventQueue-0 com.whcdit.tlbb.service.impl.RobotService - 【Ctrl+Shift+R=运行】【开始运行】
INFO AWT-EventQueue-0 com.whcdit.tlbb.service.impl.RobotService - 【智慧人生】【鼠标移动到起始坐标：X:500，Y:500，并使用左键点中目标程序】
INFO AWT-EventQueue-0 com.whcdit.tlbb.service.impl.RobotService - 【Ctrl+Shift+S=停止】【停止运行】
INFO main com.whcdit.tlbb.WhcditMain - 【程序启动】
INFO JavaFX Application Thread com.whcdit.tlbb.service.impl.FileService - WhcditParameter [name=街道口的风3, width=600, height=800]
INFO JavaFX Application Thread com.whcdit.tlbb.service.impl.RobotService - 【开始监听键盘】【Ctrl+Shift+R=运行】【Ctrl+Shift+S=停止】
INFO JavaFX Application Thread com.whcdit.tlbb.WhcditMain - 【回调已经成功】
INFO AWT-EventQueue-0 com.whcdit.tlbb.service.impl.RobotService - 【Ctrl+Shift+R=运行】【开始运行】
INFO AWT-EventQueue-0 com.whcdit.tlbb.service.impl.RobotService - 【智慧人生】【鼠标移动到起始坐标：X:500，Y:500，并使用左键点中目标程序】
INFO AWT-EventQueue-0 com.whcdit.tlbb.service.impl.RobotService - 【Ctrl+Shift+S=停止】【停止运行】
INFO main com.whcdit.tlbb.WhcditMain - 【程序启动】
INFO JavaFX Application Thread com.whcdit.tlbb.service.impl.FileService - WhcditParameter [name=街道口的风3, width=600, height=800]
INFO JavaFX Application Thread com.whcdit.tlbb.service.impl.RobotService - 【开始监听键盘】【Ctrl+Shift+R=运行】【Ctrl+Shift+S=停止】
INFO JavaFX Application Thread com.whcdit.tlbb.WhcditMain - 【回调已经成功】
INFO AWT-EventQueue-0 com.whcdit.tlbb.service.impl.RobotService - 【Ctrl+Shift+R=运行】【开始运行】
INFO AWT-EventQueue-0 com.whcdit.tlbb.service.impl.RobotService - 【智慧人生】【鼠标移动到起始坐标：X:500，Y:500，并使用左键点中目标程序】
INFO AWT-EventQueue-0 com.whcdit.tlbb.service.impl.RobotService - 【Ctrl+Shift+S=停止】【停止运行】
INFO main com.whcdit.tlbb.WhcditMain - 【程序启动】
INFO JavaFX Application Thread com.whcdit.tlbb.service.impl.FileService - WhcditParameter [name=街道口的风3, width=600, height=800]
INFO JavaFX Application Thread com.whcdit.tlbb.service.impl.RobotService - 【开始监听键盘】【Ctrl+Shift+R=运行】【Ctrl+Shift+S=停止】
INFO JavaFX Application Thread com.whcdit.tlbb.WhcditMain - 【回调已经成功】
INFO AWT-EventQueue-0 com.whcdit.tlbb.service.impl.RobotService - 【Ctrl+Shift+R=运行】【开始运行】
INFO AWT-EventQueue-0 com.whcdit.tlbb.service.impl.RobotService - 【智慧人生】【鼠标移动到起始坐标：X:500，Y:500，并使用左键点中目标程序】
INFO AWT-EventQueue-0 com.whcdit.tlbb.service.impl.RobotService - 【Ctrl+Shift+S=停止】【停止运行】
INFO main com.whcdit.tlbb.WhcditMain - 【程序启动】
INFO JavaFX Application Thread com.whcdit.tlbb.service.impl.FileService - WhcditParameter [name=街道口的风3, width=600, height=800]
INFO JavaFX Application Thread com.whcdit.tlbb.service.impl.RobotService - 【开始监听键盘】【Ctrl+Shift+R=运行】【Ctrl+Shift+S=停止】
INFO JavaFX Application Thread com.whcdit.tlbb.WhcditMain - 【回调已经成功】
INFO AWT-EventQueue-0 com.whcdit.tlbb.service.impl.RobotService - 【Ctrl+Shift+R=运行】【开始运行】
INFO AWT-EventQueue-0 com.whcdit.tlbb.service.impl.RobotService - 【智慧人生】【鼠标移动到起始坐标：X:500，Y:500，并使用左键点中目标程序】
INFO AWT-EventQueue-0 com.whcdit.tlbb.service.impl.RobotService - 【Ctrl+Shift+S=停止】【停止运行】
INFO JavaFX Application Thread com.whcdit.tlbb.WhcditMain - 【用户直接关闭了程序窗口】
INFO main com.whcdit.tlbb.WhcditMain - 【程序关闭】
INFO main com.whcdit.tlbb.WhcditMain - 【程序启动】
INFO JavaFX Application Thread com.whcdit.tlbb.service.impl.FileService - WhcditParameter [name=街道口的风3, width=600, height=800]
INFO JavaFX Application Thread com.whcdit.tlbb.service.impl.RobotService - 【开始监听键盘】【Ctrl+Shift+R=运行】【Ctrl+Shift+S=停止】
INFO JavaFX Application Thread com.whcdit.tlbb.WhcditMain - 【回调已经成功】
INFO AWT-EventQueue-0 com.whcdit.tlbb.service.impl.RobotService - 【Ctrl+Shift+R=运行】【开始运行】
INFO AWT-EventQueue-0 com.whcdit.tlbb.service.impl.RobotService - 【智慧人生】【鼠标移动到起始坐标：X:500，Y:500，并使用左键点中目标程序】
INFO AWT-EventQueue-0 com.whcdit.tlbb.service.impl.RobotService - 【Ctrl+Shift+S=停止】【停止运行】
INFO main com.whcdit.tlbb.WhcditMain - 【程序启动】
INFO JavaFX Application Thread com.whcdit.tlbb.service.impl.FileService - WhcditParameter [name=街道口的风3, width=600, height=800]
INFO JavaFX Application Thread com.whcdit.tlbb.service.impl.RobotService - 【开始监听键盘】【Ctrl+Shift+R=运行】【Ctrl+Shift+S=停止】
INFO JavaFX Application Thread com.whcdit.tlbb.WhcditMain - 【回调已经成功】
INFO AWT-EventQueue-0 com.whcdit.tlbb.service.impl.RobotService - 【Ctrl+Shift+R=运行】【开始运行】
INFO AWT-EventQueue-0 com.whcdit.tlbb.service.impl.RobotService - 【智慧人生】【鼠标移动到起始坐标：X:500，Y:500，并使用左键点中目标程序】
INFO AWT-EventQueue-0 com.whcdit.tlbb.service.impl.RobotService - 【智慧人生】【500鼠标轻轻的点了一下哟500】
INFO AWT-EventQueue-0 com.whcdit.tlbb.service.impl.RobotService - 【智慧人生】【525鼠标轻轻的点了一下哟500】
INFO AWT-EventQueue-0 com.whcdit.tlbb.service.impl.RobotService - 【智慧人生】【550鼠标轻轻的点了一下哟500】
INFO AWT-EventQueue-0 com.whcdit.tlbb.service.impl.RobotService - 【智慧人生】【575鼠标轻轻的点了一下哟500】
INFO AWT-EventQueue-0 com.whcdit.tlbb.service.impl.RobotService - 【智慧人生】【600鼠标轻轻的点了一下哟500】
INFO AWT-EventQueue-0 com.whcdit.tlbb.service.impl.RobotService - 【智慧人生】【625鼠标轻轻的点了一下哟500】
INFO AWT-EventQueue-0 com.whcdit.tlbb.service.impl.RobotService - 【智慧人生】【650鼠标轻轻的点了一下哟525】
INFO AWT-EventQueue-0 com.whcdit.tlbb.service.impl.RobotService - 【智慧人生】【675鼠标轻轻的点了一下哟525】
INFO AWT-EventQueue-0 com.whcdit.tlbb.service.impl.RobotService - 【智慧人生】【700鼠标轻轻的点了一下哟525】
INFO AWT-EventQueue-0 com.whcdit.tlbb.service.impl.RobotService - 【智慧人生】【725鼠标轻轻的点了一下哟525】
INFO AWT-EventQueue-0 com.whcdit.tlbb.service.impl.RobotService - 【智慧人生】【750鼠标轻轻的点了一下哟525】
INFO AWT-EventQueue-0 com.whcdit.tlbb.service.impl.RobotService - 【智慧人生】【775鼠标轻轻的点了一下哟550】
INFO AWT-EventQueue-0 com.whcdit.tlbb.service.impl.RobotService - 【智慧人生】【800鼠标轻轻的点了一下哟550】
INFO AWT-EventQueue-0 com.whcdit.tlbb.service.impl.RobotService - 【智慧人生】【825鼠标轻轻的点了一下哟550】
INFO AWT-EventQueue-0 com.whcdit.tlbb.service.impl.RobotService - 【智慧人生】【850鼠标轻轻的点了一下哟550】
INFO AWT-EventQueue-0 com.whcdit.tlbb.service.impl.RobotService - 【智慧人生】【875鼠标轻轻的点了一下哟550】
INFO AWT-EventQueue-0 com.whcdit.tlbb.service.impl.RobotService - 【智慧人生】【900鼠标轻轻的点了一下哟575】
INFO AWT-EventQueue-0 com.whcdit.tlbb.service.impl.RobotService - 【智慧人生】【925鼠标轻轻的点了一下哟575】
INFO AWT-EventQueue-0 com.whcdit.tlbb.service.impl.RobotService - 【智慧人生】【950鼠标轻轻的点了一下哟575】
INFO AWT-EventQueue-0 com.whcdit.tlbb.service.impl.RobotService - 【智慧人生】【975鼠标轻轻的点了一下哟575】
INFO AWT-EventQueue-0 com.whcdit.tlbb.service.impl.RobotService - 【Ctrl+Shift+S=停止】【停止运行】
INFO main com.whcdit.tlbb.WhcditMain - 【程序启动】
INFO JavaFX Application Thread com.whcdit.tlbb.service.impl.FileService - WhcditParameter [name=街道口的风3, width=600, height=800]
INFO JavaFX Application Thread com.whcdit.tlbb.service.impl.RobotService - 【开始监听键盘】【Ctrl+Shift+R=运行】【Ctrl+Shift+S=停止】
INFO JavaFX Application Thread com.whcdit.tlbb.WhcditMain - 【回调已经成功】
INFO AWT-EventQueue-0 com.whcdit.tlbb.service.impl.RobotService - 【Ctrl+Shift+R=运行】【开始运行】
INFO AWT-EventQueue-0 com.whcdit.tlbb.service.impl.RobotService - 【智慧人生】【鼠标移动到起始坐标：X:500，Y:500，并使用左键点中目标程序】
INFO AWT-EventQueue-0 com.whcdit.tlbb.service.impl.RobotService - 【智慧人生】【500鼠标轻轻的点了一下哟500】
INFO AWT-EventQueue-0 com.whcdit.tlbb.service.impl.RobotService - 【智慧人生】【510鼠标轻轻的点了一下哟500】
INFO AWT-EventQueue-0 com.whcdit.tlbb.service.impl.RobotService - 【智慧人生】【530鼠标轻轻的点了一下哟500】
INFO AWT-EventQueue-0 com.whcdit.tlbb.service.impl.RobotService - 【智慧人生】【560鼠标轻轻的点了一下哟500】
INFO AWT-EventQueue-0 com.whcdit.tlbb.service.impl.RobotService - 【智慧人生】【600鼠标轻轻的点了一下哟500】
INFO AWT-EventQueue-0 com.whcdit.tlbb.service.impl.RobotService - 【智慧人生】【500鼠标轻轻的点了一下哟510】
INFO AWT-EventQueue-0 com.whcdit.tlbb.service.impl.RobotService - 【智慧人生】【510鼠标轻轻的点了一下哟510】
INFO AWT-EventQueue-0 com.whcdit.tlbb.service.impl.RobotService - 【智慧人生】【530鼠标轻轻的点了一下哟510】
INFO AWT-EventQueue-0 com.whcdit.tlbb.service.impl.RobotService - 【智慧人生】【560鼠标轻轻的点了一下哟510】
INFO AWT-EventQueue-0 com.whcdit.tlbb.service.impl.RobotService - 【智慧人生】【600鼠标轻轻的点了一下哟510】
INFO AWT-EventQueue-0 com.whcdit.tlbb.service.impl.RobotService - 【智慧人生】【500鼠标轻轻的点了一下哟520】
INFO AWT-EventQueue-0 com.whcdit.tlbb.service.impl.RobotService - 【智慧人生】【510鼠标轻轻的点了一下哟520】
INFO AWT-EventQueue-0 com.whcdit.tlbb.service.impl.RobotService - 【智慧人生】【530鼠标轻轻的点了一下哟520】
INFO AWT-EventQueue-0 com.whcdit.tlbb.service.impl.RobotService - 【智慧人生】【560鼠标轻轻的点了一下哟520】
INFO AWT-EventQueue-0 com.whcdit.tlbb.service.impl.RobotService - 【智慧人生】【600鼠标轻轻的点了一下哟520】
INFO AWT-EventQueue-0 com.whcdit.tlbb.service.impl.RobotService - 【智慧人生】【500鼠标轻轻的点了一下哟530】
INFO AWT-EventQueue-0 com.whcdit.tlbb.service.impl.RobotService - 【智慧人生】【510鼠标轻轻的点了一下哟530】
INFO AWT-EventQueue-0 com.whcdit.tlbb.service.impl.RobotService - 【智慧人生】【530鼠标轻轻的点了一下哟530】
INFO AWT-EventQueue-0 com.whcdit.tlbb.service.impl.RobotService - 【智慧人生】【560鼠标轻轻的点了一下哟530】
INFO AWT-EventQueue-0 com.whcdit.tlbb.service.impl.RobotService - 【智慧人生】【600鼠标轻轻的点了一下哟530】
INFO AWT-EventQueue-0 com.whcdit.tlbb.service.impl.RobotService - 【Ctrl+Shift+S=停止】【停止运行】
INFO main com.whcdit.tlbb.WhcditMain - 【程序启动】
INFO JavaFX Application Thread com.whcdit.tlbb.service.impl.FileService - WhcditParameter [name=街道口的风3, width=600, height=800]
INFO JavaFX Application Thread com.whcdit.tlbb.service.impl.RobotService - 【开始监听键盘】【Ctrl+Shift+R=运行】【Ctrl+Shift+S=停止】
INFO JavaFX Application Thread com.whcdit.tlbb.WhcditMain - 【回调已经成功】
INFO main com.whcdit.tlbb.WhcditMain - 【程序启动】
INFO JavaFX Application Thread com.whcdit.tlbb.service.impl.FileService - WhcditParameter [name=街道口的风3, width=600, height=800]
INFO JavaFX Application Thread com.whcdit.tlbb.service.impl.RobotService - 【开始监听键盘】【Ctrl+Shift+R=运行】【Ctrl+Shift+S=停止】
INFO JavaFX Application Thread com.whcdit.tlbb.WhcditMain - 【回调已经成功】
INFO AWT-EventQueue-0 com.whcdit.tlbb.service.impl.RobotService - 【Ctrl+Shift+R=运行】【开始运行】
INFO AWT-EventQueue-0 com.whcdit.tlbb.service.impl.RobotService - 【智慧人生】【鼠标移动到起始坐标：X:500，Y:500，并使用左键点中目标程序】
INFO AWT-EventQueue-0 com.whcdit.tlbb.service.impl.RobotService - 【智慧人生】【500鼠标轻轻的点了一下哟500】
INFO AWT-EventQueue-0 com.whcdit.tlbb.service.impl.RobotService - 【智慧人生】【550鼠标轻轻的点了一下哟500】
INFO AWT-EventQueue-0 com.whcdit.tlbb.service.impl.RobotService - 【智慧人生】【600鼠标轻轻的点了一下哟500】
INFO AWT-EventQueue-0 com.whcdit.tlbb.service.impl.RobotService - 【智慧人生】【650鼠标轻轻的点了一下哟500】
INFO AWT-EventQueue-0 com.whcdit.tlbb.service.impl.RobotService - 【智慧人生】【700鼠标轻轻的点了一下哟500】
INFO AWT-EventQueue-0 com.whcdit.tlbb.service.impl.RobotService - 【智慧人生】【500鼠标轻轻的点了一下哟550】
INFO AWT-EventQueue-0 com.whcdit.tlbb.service.impl.RobotService - 【智慧人生】【550鼠标轻轻的点了一下哟550】
INFO AWT-EventQueue-0 com.whcdit.tlbb.service.impl.RobotService - 【智慧人生】【600鼠标轻轻的点了一下哟550】
INFO AWT-EventQueue-0 com.whcdit.tlbb.service.impl.RobotService - 【智慧人生】【650鼠标轻轻的点了一下哟550】
INFO AWT-EventQueue-0 com.whcdit.tlbb.service.impl.RobotService - 【智慧人生】【700鼠标轻轻的点了一下哟550】
INFO AWT-EventQueue-0 com.whcdit.tlbb.service.impl.RobotService - 【智慧人生】【500鼠标轻轻的点了一下哟600】
INFO AWT-EventQueue-0 com.whcdit.tlbb.service.impl.RobotService - 【智慧人生】【550鼠标轻轻的点了一下哟600】
INFO AWT-EventQueue-0 com.whcdit.tlbb.service.impl.RobotService - 【智慧人生】【600鼠标轻轻的点了一下哟600】
INFO AWT-EventQueue-0 com.whcdit.tlbb.service.impl.RobotService - 【智慧人生】【650鼠标轻轻的点了一下哟600】
INFO AWT-EventQueue-0 com.whcdit.tlbb.service.impl.RobotService - 【智慧人生】【700鼠标轻轻的点了一下哟600】
INFO AWT-EventQueue-0 com.whcdit.tlbb.service.impl.RobotService - 【智慧人生】【500鼠标轻轻的点了一下哟650】
INFO AWT-EventQueue-0 com.whcdit.tlbb.service.impl.RobotService - 【智慧人生】【550鼠标轻轻的点了一下哟650】
INFO AWT-EventQueue-0 com.whcdit.tlbb.service.impl.RobotService - 【智慧人生】【600鼠标轻轻的点了一下哟650】
INFO AWT-EventQueue-0 com.whcdit.tlbb.service.impl.RobotService - 【智慧人生】【650鼠标轻轻的点了一下哟650】
INFO AWT-EventQueue-0 com.whcdit.tlbb.service.impl.RobotService - 【智慧人生】【700鼠标轻轻的点了一下哟650】
INFO AWT-EventQueue-0 com.whcdit.tlbb.service.impl.RobotService - 【Ctrl+Shift+S=停止】【停止运行】
INFO JavaFX Application Thread com.whcdit.tlbb.WhcditMain - 【用户直接关闭了程序窗口】
INFO main com.whcdit.tlbb.WhcditMain - 【程序关闭】
INFO main com.whcdit.tlbb.WhcditMain - 【程序启动】
INFO JavaFX Application Thread com.whcdit.tlbb.service.impl.FileService - WhcditParameter [name=街道口的风, width=600, height=800, mousex=500, mousey=500, stepx=50, stepy=50, loops=2]
INFO JavaFX Application Thread com.whcdit.tlbb.service.impl.RobotService - 【开始监听键盘】【Ctrl+Shift+R=运行】【Ctrl+Shift+S=停止】
INFO JavaFX Application Thread com.whcdit.tlbb.WhcditMain - 【回调已经成功】
INFO JavaFX Application Thread com.whcdit.tlbb.WhcditMain - 【用户直接关闭了程序窗口】
INFO main com.whcdit.tlbb.WhcditMain - 【程序关闭】
INFO main com.whcdit.tlbb.WhcditMain - 【程序启动】
INFO JavaFX Application Thread com.whcdit.tlbb.service.impl.FileService - WhcditParameter [name=街道口的风, width=600, height=800, mousex=500, mousey=500, stepx=50, stepy=50, loops=2]
INFO JavaFX Application Thread com.whcdit.tlbb.service.impl.RobotService - 【开始监听键盘】【Ctrl+Shift+R=运行】【Ctrl+Shift+S=停止】
INFO JavaFX Application Thread com.whcdit.tlbb.WhcditMain - 【回调已经成功】
INFO JavaFX Application Thread com.whcdit.tlbb.WhcditMain - 【用户直接关闭了程序窗口】
INFO main com.whcdit.tlbb.WhcditMain - 【程序关闭】
INFO main com.whcdit.tlbb.WhcditMain - 【程序启动】
INFO JavaFX Application Thread com.whcdit.tlbb.service.impl.FileService - WhcditParameter [name=街道口的风, width=600, height=800, mousex=500, mousey=500, stepx=50, stepy=50, loops=2]
INFO JavaFX Application Thread com.whcdit.tlbb.service.impl.RobotService - 【开始监听键盘】【Ctrl+Shift+R=运行】【Ctrl+Shift+S=停止】
INFO JavaFX Application Thread com.whcdit.tlbb.WhcditMain - 【回调已经成功】
INFO JavaFX Application Thread com.whcdit.tlbb.service.impl.WhcditBridgeService - {"name":"街道口的风3","width":600,"height":800,"mousex":500,"mousey":500,"stepx":50,"stepy":50,"loops":2}
INFO JavaFX Application Thread com.whcdit.tlbb.service.impl.WhcditBridgeService - {"name":"街道口的风3","width":600,"height":800,"mousex":500,"mousey":500,"stepx":50,"stepy":50,"loops":2}
INFO JavaFX Application Thread com.whcdit.tlbb.service.impl.WhcditBridgeService - {"name":"街道口的风3","width":600,"height":800,"mousex":"501","mousey":500,"stepx":50,"stepy":50,"loops":2}
INFO JavaFX Application Thread com.whcdit.tlbb.WhcditMain - 【用户直接关闭了程序窗口】
INFO main com.whcdit.tlbb.WhcditMain - 【程序关闭】
INFO main com.whcdit.tlbb.WhcditMain - 【程序启动】
INFO JavaFX Application Thread com.whcdit.tlbb.service.impl.FileService - WhcditParameter [name=街道口的风3, width=600, height=800, mousex=501, mousey=500, stepx=50, stepy=50, loops=2]
INFO main com.whcdit.tlbb.WhcditMain - 【程序启动】
INFO JavaFX Application Thread com.whcdit.tlbb.service.impl.FileService - WhcditParameter [name=街道口的风3, width=600, height=800, mousex=501, mousey=500, stepx=50, stepy=50, loops=2]
INFO JavaFX Application Thread com.whcdit.tlbb.service.impl.RobotService - 【开始监听键盘】【Ctrl+Shift+R=运行】【Ctrl+Shift+S=停止】
INFO JavaFX Application Thread com.whcdit.tlbb.WhcditMain - 【回调已经成功】
INFO main com.whcdit.tlbb.WhcditMain - 【程序启动】
INFO JavaFX Application Thread com.whcdit.tlbb.service.impl.FileService - WhcditParameter [name=街道口的风3, width=600, height=800, mousex=501, mousey=500, stepx=50, stepy=50, loops=2]
INFO JavaFX Application Thread com.whcdit.tlbb.service.impl.RobotService - 【开始监听键盘】【Ctrl+Shift+R=运行】【Ctrl+Shift+S=停止】
INFO JavaFX Application Thread com.whcdit.tlbb.WhcditMain - 【回调已经成功】
INFO JavaFX Application Thread com.whcdit.tlbb.service.impl.WhcditBridgeService - {"name":"街道口的风3","width":600,"height":800,"mousex":501,"mousey":500,"stepx":50,"stepy":50,"loops":"1"}
INFO JavaFX Application Thread com.whcdit.tlbb.WhcditMain - 【用户直接关闭了程序窗口】
INFO main com.whcdit.tlbb.WhcditMain - 【程序关闭】
INFO main com.whcdit.tlbb.WhcditMain - 【程序启动】
INFO JavaFX Application Thread com.whcdit.tlbb.service.impl.FileService - WhcditParameter [name=街道口的风3, width=600, height=800, mousex=501, mousey=500, stepx=50, stepy=50, loops=1]
INFO JavaFX Application Thread com.whcdit.tlbb.service.impl.RobotService - 【开始监听键盘】【Ctrl+Shift+R=运行】【Ctrl+Shift+S=停止】
INFO JavaFX Application Thread com.whcdit.tlbb.WhcditMain - 【回调已经成功】
INFO JavaFX Application Thread com.whcdit.tlbb.service.impl.WhcditBridgeService - {"name":"街道口的风3","width":600,"height":800,"mousex":501,"mousey":500,"stepx":50,"stepy":50,"loops":1}
INFO main com.whcdit.tlbb.WhcditMain - 【程序启动】
INFO JavaFX Application Thread com.whcdit.tlbb.service.impl.FileService - WhcditParameter [name=街道口的风3, width=600, height=800, mousex=501, mousey=500, stepx=50, stepy=50, loops=1]
INFO JavaFX Application Thread com.whcdit.tlbb.service.impl.RobotService - 【开始监听键盘】【Ctrl+Shift+R=运行】【Ctrl+Shift+S=停止】
INFO JavaFX Application Thread com.whcdit.tlbb.WhcditMain - 【回调已经成功】
INFO JavaFX Application Thread com.whcdit.tlbb.service.impl.WhcditBridgeService - {"name":"街道口的风3","width":600,"height":800,"mousex":501,"mousey":500,"stepx":50,"stepy":50,"loops":1}
INFO main com.whcdit.tlbb.WhcditMain - 【程序启动】
INFO JavaFX Application Thread com.whcdit.tlbb.service.impl.FileService - WhcditParameter [name=街道口的风3, width=600, height=800, mousex=501, mousey=500, stepx=50, stepy=50, loops=1]
INFO JavaFX Application Thread com.whcdit.tlbb.service.impl.RobotService - 【开始监听键盘】【Ctrl+Shift+R=运行】【Ctrl+Shift+S=停止】
INFO JavaFX Application Thread com.whcdit.tlbb.WhcditMain - 【回调已经成功】
INFO JavaFX Application Thread com.whcdit.tlbb.service.impl.WhcditBridgeService - {"name":"街道口的风3","width":600,"height":800,"mousex":501,"mousey":500,"stepx":50,"stepy":50,"loops":1}
INFO JavaFX Application Thread com.whcdit.tlbb.WhcditMain - 【用户直接关闭了程序窗口】
INFO main com.whcdit.tlbb.WhcditMain - 【程序关闭】
INFO main com.whcdit.tlbb.WhcditMain - 【程序启动】
INFO JavaFX Application Thread com.whcdit.tlbb.service.impl.FileService - WhcditParameter [name=街道口的风3, width=600, height=800, mousex=501, mousey=500, stepx=50, stepy=50, loops=1]
INFO JavaFX Application Thread com.whcdit.tlbb.service.impl.RobotService - 【开始监听键盘】【Ctrl+Shift+R=运行】【Ctrl+Shift+S=停止】
INFO JavaFX Application Thread com.whcdit.tlbb.WhcditMain - 【回调已经成功】
INFO JavaFX Application Thread com.whcdit.tlbb.service.impl.WhcditBridgeService - {"name":"街道口的风3","width":600,"height":800,"mousex":501,"mousey":500,"stepx":50,"stepy":50,"loops":1}
INFO JavaFX Application Thread com.whcdit.tlbb.service.impl.RobotService - 【智慧人生】【鼠标移动到起始坐标[X:501，Y:500]，并使用左键点中目标程序】
INFO JavaFX Application Thread com.whcdit.tlbb.service.impl.RobotService - 【智慧人生】【鼠标轻轻的点了一下坐标[X:501，Y:500]】
INFO JavaFX Application Thread com.whcdit.tlbb.service.impl.RobotService - 【智慧人生】【鼠标轻轻的点了一下坐标[X:551，Y:500]】
INFO JavaFX Application Thread com.whcdit.tlbb.service.impl.RobotService - 【智慧人生】【鼠标轻轻的点了一下坐标[X:601，Y:500]】
INFO JavaFX Application Thread com.whcdit.tlbb.service.impl.RobotService - 【智慧人生】【鼠标轻轻的点了一下坐标[X:651，Y:500]】
INFO JavaFX Application Thread com.whcdit.tlbb.service.impl.RobotService - 【智慧人生】【鼠标轻轻的点了一下坐标[X:701，Y:500]】
INFO JavaFX Application Thread com.whcdit.tlbb.service.impl.RobotService - 【智慧人生】【鼠标轻轻的点了一下坐标[X:501，Y:550]】
INFO JavaFX Application Thread com.whcdit.tlbb.service.impl.RobotService - 【智慧人生】【鼠标轻轻的点了一下坐标[X:551，Y:550]】
INFO JavaFX Application Thread com.whcdit.tlbb.service.impl.RobotService - 【智慧人生】【鼠标轻轻的点了一下坐标[X:601，Y:550]】
INFO JavaFX Application Thread com.whcdit.tlbb.service.impl.RobotService - 【智慧人生】【鼠标轻轻的点了一下坐标[X:651，Y:550]】
INFO JavaFX Application Thread com.whcdit.tlbb.service.impl.RobotService - 【智慧人生】【鼠标轻轻的点了一下坐标[X:701，Y:550]】
INFO JavaFX Application Thread com.whcdit.tlbb.service.impl.RobotService - 【智慧人生】【鼠标轻轻的点了一下坐标[X:501，Y:600]】
INFO JavaFX Application Thread com.whcdit.tlbb.service.impl.RobotService - 【智慧人生】【鼠标轻轻的点了一下坐标[X:551，Y:600]】
INFO JavaFX Application Thread com.whcdit.tlbb.service.impl.RobotService - 【智慧人生】【鼠标轻轻的点了一下坐标[X:601，Y:600]】
INFO JavaFX Application Thread com.whcdit.tlbb.service.impl.RobotService - 【智慧人生】【鼠标轻轻的点了一下坐标[X:651，Y:600]】
INFO JavaFX Application Thread com.whcdit.tlbb.service.impl.RobotService - 【智慧人生】【鼠标轻轻的点了一下坐标[X:701，Y:600]】
INFO JavaFX Application Thread com.whcdit.tlbb.service.impl.RobotService - 【智慧人生】【鼠标轻轻的点了一下坐标[X:501，Y:650]】
INFO JavaFX Application Thread com.whcdit.tlbb.service.impl.RobotService - 【智慧人生】【鼠标轻轻的点了一下坐标[X:551，Y:650]】
INFO JavaFX Application Thread com.whcdit.tlbb.service.impl.RobotService - 【智慧人生】【鼠标轻轻的点了一下坐标[X:601，Y:650]】
INFO JavaFX Application Thread com.whcdit.tlbb.service.impl.RobotService - 【智慧人生】【鼠标轻轻的点了一下坐标[X:651，Y:650]】
INFO JavaFX Application Thread com.whcdit.tlbb.service.impl.RobotService - 【智慧人生】【鼠标轻轻的点了一下坐标[X:701，Y:650]】
INFO JavaFX Application Thread com.whcdit.tlbb.service.impl.RobotService - 【Ctrl+Shift+S=停止】【停止运行】
INFO JavaFX Application Thread com.whcdit.tlbb.WhcditMain - 【用户直接关闭了程序窗口】
INFO main com.whcdit.tlbb.WhcditMain - 【程序关闭】
INFO main com.whcdit.tlbb.WhcditMain - 【程序启动】
INFO JavaFX Application Thread com.whcdit.tlbb.service.impl.FileService - WhcditParameter [name=街道口的风3, width=600, height=800, mousex=501, mousey=500, stepx=50, stepy=50, loops=1]
INFO JavaFX Application Thread com.whcdit.tlbb.service.impl.RobotService - 【开始监听键盘】【Ctrl+Shift+R=运行】【Ctrl+Shift+S=停止】
INFO JavaFX Application Thread com.whcdit.tlbb.WhcditMain - 【回调已经成功】
INFO JavaFX Application Thread com.whcdit.tlbb.service.impl.WhcditBridgeService - {"name":"街道口的风3","width":600,"height":800,"mousex":"503","mousey":500,"stepx":50,"stepy":50,"loops":1}
INFO JavaFX Application Thread com.whcdit.tlbb.service.impl.RobotService - 【测试鼠标】【鼠标移动到起始坐标[X:503，Y:500]，并使用左键点中目标程序】
INFO JavaFX Application Thread com.whcdit.tlbb.service.impl.RobotService - 【测试鼠标】【鼠标轻轻的点了一下坐标[X:503，Y:500]】
INFO JavaFX Application Thread com.whcdit.tlbb.service.impl.RobotService - 【测试鼠标】【鼠标轻轻的点了一下坐标[X:553，Y:500]】
INFO JavaFX Application Thread com.whcdit.tlbb.service.impl.RobotService - 【测试鼠标】【鼠标轻轻的点了一下坐标[X:603，Y:500]】
INFO JavaFX Application Thread com.whcdit.tlbb.service.impl.RobotService - 【测试鼠标】【鼠标轻轻的点了一下坐标[X:653，Y:500]】
INFO JavaFX Application Thread com.whcdit.tlbb.service.impl.RobotService - 【测试鼠标】【鼠标轻轻的点了一下坐标[X:703，Y:500]】
INFO JavaFX Application Thread com.whcdit.tlbb.service.impl.RobotService - 【测试鼠标】【鼠标轻轻的点了一下坐标[X:503，Y:550]】
INFO JavaFX Application Thread com.whcdit.tlbb.service.impl.RobotService - 【测试鼠标】【鼠标轻轻的点了一下坐标[X:553，Y:550]】
INFO JavaFX Application Thread com.whcdit.tlbb.service.impl.RobotService - 【测试鼠标】【鼠标轻轻的点了一下坐标[X:603，Y:550]】
INFO JavaFX Application Thread com.whcdit.tlbb.service.impl.RobotService - 【测试鼠标】【鼠标轻轻的点了一下坐标[X:653，Y:550]】
INFO JavaFX Application Thread com.whcdit.tlbb.service.impl.RobotService - 【测试鼠标】【鼠标轻轻的点了一下坐标[X:703，Y:550]】
INFO JavaFX Application Thread com.whcdit.tlbb.service.impl.RobotService - 【测试鼠标】【鼠标轻轻的点了一下坐标[X:503，Y:600]】
INFO JavaFX Application Thread com.whcdit.tlbb.service.impl.RobotService - 【测试鼠标】【鼠标轻轻的点了一下坐标[X:553，Y:600]】
INFO JavaFX Application Thread com.whcdit.tlbb.service.impl.RobotService - 【测试鼠标】【鼠标轻轻的点了一下坐标[X:603，Y:600]】
INFO JavaFX Application Thread com.whcdit.tlbb.service.impl.RobotService - 【测试鼠标】【鼠标轻轻的点了一下坐标[X:653，Y:600]】
INFO JavaFX Application Thread com.whcdit.tlbb.service.impl.RobotService - 【测试鼠标】【鼠标轻轻的点了一下坐标[X:703，Y:600]】
INFO JavaFX Application Thread com.whcdit.tlbb.service.impl.RobotService - 【测试鼠标】【鼠标轻轻的点了一下坐标[X:503，Y:650]】
INFO JavaFX Application Thread com.whcdit.tlbb.service.impl.RobotService - 【测试鼠标】【鼠标轻轻的点了一下坐标[X:553，Y:650]】
INFO JavaFX Application Thread com.whcdit.tlbb.service.impl.RobotService - 【测试鼠标】【鼠标轻轻的点了一下坐标[X:603，Y:650]】
INFO JavaFX Application Thread com.whcdit.tlbb.service.impl.RobotService - 【测试鼠标】【鼠标轻轻的点了一下坐标[X:653，Y:650]】
INFO JavaFX Application Thread com.whcdit.tlbb.service.impl.RobotService - 【测试鼠标】【鼠标轻轻的点了一下坐标[X:703，Y:650]】
INFO JavaFX Application Thread com.whcdit.tlbb.service.impl.RobotService - 【Ctrl+Shift+S=停止】【停止运行】
INFO JavaFX Application Thread com.whcdit.tlbb.WhcditMain - 【用户直接关闭了程序窗口】
INFO main com.whcdit.tlbb.WhcditMain - 【程序关闭】
INFO main com.whcdit.tlbb.WhcditMain - 【程序启动】
INFO JavaFX Application Thread com.whcdit.tlbb.service.impl.FileService - WhcditParameter [name=街道口的风3, width=600, height=800, mousex=503, mousey=500, stepx=50, stepy=50, loops=1]
INFO JavaFX Application Thread com.whcdit.tlbb.service.impl.RobotService - 【开始监听键盘】【Ctrl+Shift+R=运行】【Ctrl+Shift+S=停止】
INFO JavaFX Application Thread com.whcdit.tlbb.WhcditMain - 【回调已经成功】
INFO main com.whcdit.tlbb.WhcditMain - 【程序启动】
INFO JavaFX Application Thread com.whcdit.tlbb.service.impl.FileService - WhcditParameter [name=街道口的风3, width=600, height=800, mousex=503, mousey=500, stepx=50, stepy=50, loops=1]
INFO JavaFX Application Thread com.whcdit.tlbb.service.impl.RobotService - 【开始监听键盘】【Ctrl+Shift+R=运行】【Ctrl+Shift+S=停止】
INFO JavaFX Application Thread com.whcdit.tlbb.WhcditMain - 【回调已经成功】
INFO JavaFX Application Thread com.whcdit.tlbb.WhcditMain - 【用户直接关闭了程序窗口】
INFO main com.whcdit.tlbb.WhcditMain - 【程序关闭】
INFO main com.whcdit.tlbb.WhcditMain - 【程序启动】
INFO JavaFX Application Thread com.whcdit.tlbb.service.impl.FileService - WhcditParameter [name=街道口的风3, width=600, height=800, mousex=503, mousey=500, stepx=50, stepy=50, loops=1]
INFO JavaFX Application Thread com.whcdit.tlbb.service.impl.RobotService - 【开始监听键盘】【Ctrl+Shift+R=运行】【Ctrl+Shift+S=停止】
INFO JavaFX Application Thread com.whcdit.tlbb.WhcditMain - 【回调已经成功】
INFO JavaFX Application Thread com.whcdit.tlbb.service.impl.WhcditBridgeService - {"name":"街道口的风3","width":600,"height":800,"mousex":503,"mousey":500,"stepx":50,"stepy":50,"loops":1}
INFO JavaFX Application Thread com.whcdit.tlbb.service.impl.RobotService - 【测试鼠标】【鼠标移动到起始坐标[X:503，Y:500]，并使用左键点中目标程序】
INFO JavaFX Application Thread com.whcdit.tlbb.service.impl.RobotService - 【测试鼠标】【鼠标轻轻的点了一下坐标[X:503，Y:500]】
INFO JavaFX Application Thread com.whcdit.tlbb.service.impl.RobotService - 【测试鼠标】【鼠标轻轻的点了一下坐标[X:553，Y:500]】
INFO JavaFX Application Thread com.whcdit.tlbb.service.impl.RobotService - 【测试鼠标】【鼠标轻轻的点了一下坐标[X:603，Y:500]】
INFO JavaFX Application Thread com.whcdit.tlbb.service.impl.RobotService - 【测试鼠标】【鼠标轻轻的点了一下坐标[X:653，Y:500]】
INFO JavaFX Application Thread com.whcdit.tlbb.service.impl.RobotService - 【测试鼠标】【鼠标轻轻的点了一下坐标[X:703，Y:500]】
INFO JavaFX Application Thread com.whcdit.tlbb.service.impl.RobotService - 【测试鼠标】【鼠标轻轻的点了一下坐标[X:503，Y:550]】
INFO JavaFX Application Thread com.whcdit.tlbb.service.impl.RobotService - 【测试鼠标】【鼠标轻轻的点了一下坐标[X:553，Y:550]】
INFO JavaFX Application Thread com.whcdit.tlbb.service.impl.RobotService - 【测试鼠标】【鼠标轻轻的点了一下坐标[X:603，Y:550]】
INFO JavaFX Application Thread com.whcdit.tlbb.service.impl.RobotService - 【测试鼠标】【鼠标轻轻的点了一下坐标[X:653，Y:550]】
INFO JavaFX Application Thread com.whcdit.tlbb.service.impl.RobotService - 【测试鼠标】【鼠标轻轻的点了一下坐标[X:703，Y:550]】
INFO JavaFX Application Thread com.whcdit.tlbb.service.impl.RobotService - 【测试鼠标】【鼠标轻轻的点了一下坐标[X:503，Y:600]】
INFO JavaFX Application Thread com.whcdit.tlbb.service.impl.RobotService - 【测试鼠标】【鼠标轻轻的点了一下坐标[X:553，Y:600]】
INFO JavaFX Application Thread com.whcdit.tlbb.service.impl.RobotService - 【测试鼠标】【鼠标轻轻的点了一下坐标[X:603，Y:600]】
INFO JavaFX Application Thread com.whcdit.tlbb.service.impl.RobotService - 【测试鼠标】【鼠标轻轻的点了一下坐标[X:653，Y:600]】
INFO JavaFX Application Thread com.whcdit.tlbb.service.impl.RobotService - 【测试鼠标】【鼠标轻轻的点了一下坐标[X:703，Y:600]】
INFO JavaFX Application Thread com.whcdit.tlbb.service.impl.RobotService - 【测试鼠标】【鼠标轻轻的点了一下坐标[X:503，Y:650]】
INFO JavaFX Application Thread com.whcdit.tlbb.service.impl.RobotService - 【测试鼠标】【鼠标轻轻的点了一下坐标[X:553，Y:650]】
INFO JavaFX Application Thread com.whcdit.tlbb.service.impl.RobotService - 【测试鼠标】【鼠标轻轻的点了一下坐标[X:603，Y:650]】
INFO JavaFX Application Thread com.whcdit.tlbb.service.impl.RobotService - 【测试鼠标】【鼠标轻轻的点了一下坐标[X:653，Y:650]】
INFO JavaFX Application Thread com.whcdit.tlbb.service.impl.RobotService - 【测试鼠标】【鼠标轻轻的点了一下坐标[X:703，Y:650]】
INFO JavaFX Application Thread com.whcdit.tlbb.service.impl.RobotService - 【Ctrl+Shift+S=停止】【停止运行】
INFO main com.whcdit.tlbb.WhcditMain - 【程序启动】
INFO JavaFX Application Thread com.whcdit.tlbb.service.impl.FileService - WhcditParameter [name=街道口的风3, width=600, height=800, mousex=503, mousey=500, stepx=50, stepy=50, loops=1]
INFO JavaFX Application Thread com.whcdit.tlbb.service.impl.RobotService - 【开始监听键盘】【Ctrl+Shift+R=运行】【Ctrl+Shift+S=停止】
INFO JavaFX Application Thread com.whcdit.tlbb.WhcditMain - 【回调已经成功】
INFO JavaFX Application Thread com.whcdit.tlbb.service.impl.WhcditBridgeService - {"name":"街道口的风3","width":600,"height":800,"mousex":503,"mousey":500,"stepx":50,"stepy":50,"loops":1}
INFO JavaFX Application Thread com.whcdit.tlbb.service.impl.RobotService - 【测试鼠标】【五秒倒计时：5】
INFO JavaFX Application Thread com.whcdit.tlbb.service.impl.RobotService - 【测试鼠标】【五秒倒计时：4】
INFO JavaFX Application Thread com.whcdit.tlbb.service.impl.RobotService - 【测试鼠标】【五秒倒计时：3】
INFO JavaFX Application Thread com.whcdit.tlbb.service.impl.RobotService - 【测试鼠标】【五秒倒计时：2】
INFO JavaFX Application Thread com.whcdit.tlbb.service.impl.RobotService - 【测试鼠标】【五秒倒计时：1】
INFO JavaFX Application Thread com.whcdit.tlbb.service.impl.RobotService - 【测试鼠标】【鼠标移动到起始坐标[X:503，Y:500]，并使用左键点中目标程序】
INFO JavaFX Application Thread com.whcdit.tlbb.service.impl.RobotService - 【测试鼠标】【鼠标轻轻的点了一下坐标[X:503，Y:500]】
INFO JavaFX Application Thread com.whcdit.tlbb.service.impl.RobotService - 【测试鼠标】【鼠标轻轻的点了一下坐标[X:553，Y:500]】
INFO JavaFX Application Thread com.whcdit.tlbb.service.impl.RobotService - 【测试鼠标】【鼠标轻轻的点了一下坐标[X:603，Y:500]】
INFO JavaFX Application Thread com.whcdit.tlbb.service.impl.RobotService - 【测试鼠标】【鼠标轻轻的点了一下坐标[X:653，Y:500]】
INFO JavaFX Application Thread com.whcdit.tlbb.service.impl.RobotService - 【测试鼠标】【鼠标轻轻的点了一下坐标[X:703，Y:500]】
INFO JavaFX Application Thread com.whcdit.tlbb.service.impl.RobotService - 【测试鼠标】【鼠标轻轻的点了一下坐标[X:503，Y:550]】
INFO JavaFX Application Thread com.whcdit.tlbb.service.impl.RobotService - 【测试鼠标】【鼠标轻轻的点了一下坐标[X:553，Y:550]】
INFO JavaFX Application Thread com.whcdit.tlbb.service.impl.RobotService - 【测试鼠标】【鼠标轻轻的点了一下坐标[X:603，Y:550]】
INFO JavaFX Application Thread com.whcdit.tlbb.service.impl.RobotService - 【测试鼠标】【鼠标轻轻的点了一下坐标[X:653，Y:550]】
INFO JavaFX Application Thread com.whcdit.tlbb.service.impl.RobotService - 【测试鼠标】【鼠标轻轻的点了一下坐标[X:703，Y:550]】
INFO JavaFX Application Thread com.whcdit.tlbb.service.impl.RobotService - 【测试鼠标】【鼠标轻轻的点了一下坐标[X:503，Y:600]】
INFO JavaFX Application Thread com.whcdit.tlbb.service.impl.RobotService - 【测试鼠标】【鼠标轻轻的点了一下坐标[X:553，Y:600]】
INFO JavaFX Application Thread com.whcdit.tlbb.service.impl.RobotService - 【测试鼠标】【鼠标轻轻的点了一下坐标[X:603，Y:600]】
INFO JavaFX Application Thread com.whcdit.tlbb.service.impl.RobotService - 【测试鼠标】【鼠标轻轻的点了一下坐标[X:653，Y:600]】
INFO JavaFX Application Thread com.whcdit.tlbb.service.impl.RobotService - 【测试鼠标】【鼠标轻轻的点了一下坐标[X:703，Y:600]】
INFO JavaFX Application Thread com.whcdit.tlbb.service.impl.RobotService - 【测试鼠标】【鼠标轻轻的点了一下坐标[X:503，Y:650]】
INFO JavaFX Application Thread com.whcdit.tlbb.service.impl.RobotService - 【测试鼠标】【鼠标轻轻的点了一下坐标[X:553，Y:650]】
INFO JavaFX Application Thread com.whcdit.tlbb.service.impl.RobotService - 【测试鼠标】【鼠标轻轻的点了一下坐标[X:603，Y:650]】
INFO JavaFX Application Thread com.whcdit.tlbb.service.impl.RobotService - 【测试鼠标】【鼠标轻轻的点了一下坐标[X:653，Y:650]】
INFO JavaFX Application Thread com.whcdit.tlbb.service.impl.RobotService - 【测试鼠标】【鼠标轻轻的点了一下坐标[X:703，Y:650]】
INFO JavaFX Application Thread com.whcdit.tlbb.service.impl.RobotService - 【Ctrl+Shift+S=停止】【停止运行】
INFO main com.whcdit.tlbb.WhcditMain - 【程序启动】
INFO JavaFX Application Thread com.whcdit.tlbb.service.impl.FileService - WhcditParameter [name=街道口的风3, width=600, height=800, mousex=503, mousey=500, stepx=50, stepy=50, loops=1]
INFO JavaFX Application Thread com.whcdit.tlbb.service.impl.RobotService - 【开始监听键盘】【Ctrl+Shift+R=运行】【Ctrl+Shift+S=停止】
INFO JavaFX Application Thread com.whcdit.tlbb.WhcditMain - 【回调已经成功】
INFO JavaFX Application Thread com.whcdit.tlbb.service.impl.WhcditBridgeService - {"name":"街道口的风3","width":600,"height":800,"mousex":503,"mousey":500,"stepx":50,"stepy":50,"loops":1}
INFO JavaFX Application Thread com.whcdit.tlbb.service.impl.RobotService - 【测试鼠标】【五秒倒计时：5】
INFO JavaFX Application Thread com.whcdit.tlbb.service.impl.RobotService - 【测试鼠标】【五秒倒计时：4】
INFO JavaFX Application Thread com.whcdit.tlbb.service.impl.RobotService - 【测试鼠标】【五秒倒计时：3】
INFO JavaFX Application Thread com.whcdit.tlbb.service.impl.RobotService - 【测试鼠标】【五秒倒计时：2】
INFO JavaFX Application Thread com.whcdit.tlbb.service.impl.RobotService - 【测试鼠标】【五秒倒计时：1】
INFO JavaFX Application Thread com.whcdit.tlbb.service.impl.RobotService - 【测试鼠标】【鼠标移动到起始坐标[X:503，Y:500]，并使用左键点中目标程序】
INFO JavaFX Application Thread com.whcdit.tlbb.service.impl.RobotService - 【测试鼠标】【鼠标轻轻的点了一下坐标[X:503，Y:500]】
INFO JavaFX Application Thread com.whcdit.tlbb.service.impl.RobotService - 【测试鼠标】【鼠标轻轻的点了一下坐标[X:553，Y:500]】
INFO JavaFX Application Thread com.whcdit.tlbb.service.impl.RobotService - 【测试鼠标】【鼠标轻轻的点了一下坐标[X:603，Y:500]】
INFO JavaFX Application Thread com.whcdit.tlbb.service.impl.RobotService - 【测试鼠标】【鼠标轻轻的点了一下坐标[X:653，Y:500]】
INFO JavaFX Application Thread com.whcdit.tlbb.service.impl.RobotService - 【测试鼠标】【鼠标轻轻的点了一下坐标[X:703，Y:500]】
INFO JavaFX Application Thread com.whcdit.tlbb.service.impl.RobotService - 【测试鼠标】【鼠标轻轻的点了一下坐标[X:503，Y:550]】
INFO JavaFX Application Thread com.whcdit.tlbb.service.impl.RobotService - 【测试鼠标】【鼠标轻轻的点了一下坐标[X:553，Y:550]】
INFO JavaFX Application Thread com.whcdit.tlbb.service.impl.RobotService - 【测试鼠标】【鼠标轻轻的点了一下坐标[X:603，Y:550]】
INFO JavaFX Application Thread com.whcdit.tlbb.service.impl.RobotService - 【测试鼠标】【鼠标轻轻的点了一下坐标[X:653，Y:550]】
INFO JavaFX Application Thread com.whcdit.tlbb.service.impl.RobotService - 【测试鼠标】【鼠标轻轻的点了一下坐标[X:703，Y:550]】
INFO JavaFX Application Thread com.whcdit.tlbb.service.impl.RobotService - 【测试鼠标】【鼠标轻轻的点了一下坐标[X:503，Y:600]】
INFO JavaFX Application Thread com.whcdit.tlbb.service.impl.RobotService - 【测试鼠标】【鼠标轻轻的点了一下坐标[X:553，Y:600]】
INFO JavaFX Application Thread com.whcdit.tlbb.service.impl.RobotService - 【测试鼠标】【鼠标轻轻的点了一下坐标[X:603，Y:600]】
INFO JavaFX Application Thread com.whcdit.tlbb.service.impl.RobotService - 【测试鼠标】【鼠标轻轻的点了一下坐标[X:653，Y:600]】
INFO JavaFX Application Thread com.whcdit.tlbb.service.impl.RobotService - 【测试鼠标】【鼠标轻轻的点了一下坐标[X:703，Y:600]】
INFO JavaFX Application Thread com.whcdit.tlbb.service.impl.RobotService - 【测试鼠标】【鼠标轻轻的点了一下坐标[X:503，Y:650]】
INFO JavaFX Application Thread com.whcdit.tlbb.service.impl.RobotService - 【测试鼠标】【鼠标轻轻的点了一下坐标[X:553，Y:650]】
INFO JavaFX Application Thread com.whcdit.tlbb.service.impl.RobotService - 【测试鼠标】【鼠标轻轻的点了一下坐标[X:603，Y:650]】
INFO JavaFX Application Thread com.whcdit.tlbb.service.impl.RobotService - 【测试鼠标】【鼠标轻轻的点了一下坐标[X:653，Y:650]】
INFO JavaFX Application Thread com.whcdit.tlbb.service.impl.RobotService - 【测试鼠标】【鼠标轻轻的点了一下坐标[X:703，Y:650]】
INFO JavaFX Application Thread com.whcdit.tlbb.service.impl.RobotService - 【Ctrl+Shift+S=停止】【停止运行】
INFO JavaFX Application Thread com.whcdit.tlbb.WhcditMain - 【用户直接关闭了程序窗口】
INFO main com.whcdit.tlbb.WhcditMain - 【程序关闭】
INFO main com.whcdit.tlbb.WhcditMain - 【程序启动】
INFO JavaFX Application Thread com.whcdit.tlbb.service.impl.FileService - WhcditParameter [name=街道口的风3, width=600, height=800, mousex=503, mousey=500, stepx=50, stepy=50, loops=1]
INFO JavaFX Application Thread com.whcdit.tlbb.service.impl.RobotService - 【开始监听键盘】【Ctrl+Shift+R=运行】【Ctrl+Shift+S=停止】
INFO JavaFX Application Thread com.whcdit.tlbb.WhcditMain - 【回调已经成功】
INFO JavaFX Application Thread com.whcdit.tlbb.WhcditMain - 【用户直接关闭了程序窗口】
INFO main com.whcdit.tlbb.WhcditMain - 【程序关闭】
INFO main com.whcdit.tlbb.WhcditMain - 【程序启动】
INFO JavaFX Application Thread com.whcdit.tlbb.service.impl.FileService - WhcditParameter [name=街道口的风34, width=600, height=800, mousex=504, mousey=500, stepx=50, stepy=50, loops=1]
INFO JavaFX Application Thread com.whcdit.tlbb.service.impl.RobotService - 【开始监听键盘】【Ctrl+Shift+R=运行】【Ctrl+Shift+S=停止】
INFO JavaFX Application Thread com.whcdit.tlbb.WhcditMain - 【回调已经成功】
INFO AWT-EventQueue-0 com.whcdit.tlbb.service.impl.RobotService - 【Ctrl+Shift+S=停止】【停止运行】
INFO AWT-EventQueue-0 com.whcdit.tlbb.service.impl.RobotService - 【Ctrl+Shift+S=停止】【当前已经是停止状态，请不要重复操作】
INFO AWT-EventQueue-0 com.whcdit.tlbb.service.impl.RobotService - 【Ctrl+Shift+R=运行】【开始运行】
INFO AWT-EventQueue-0 com.whcdit.tlbb.service.impl.RobotService - 【智慧人生】【五秒倒计时：5】
INFO AWT-EventQueue-0 com.whcdit.tlbb.service.impl.RobotService - 【智慧人生】【五秒倒计时：4】
INFO AWT-EventQueue-0 com.whcdit.tlbb.service.impl.RobotService - 【智慧人生】【五秒倒计时：3】
INFO AWT-EventQueue-0 com.whcdit.tlbb.service.impl.RobotService - 【智慧人生】【五秒倒计时：2】
INFO AWT-EventQueue-0 com.whcdit.tlbb.service.impl.RobotService - 【智慧人生】【五秒倒计时：1】
INFO AWT-EventQueue-0 com.whcdit.tlbb.service.impl.RobotService - 【智慧人生】【鼠标移动到起始坐标[X:504，Y:500]，并使用左键点中目标程序】
INFO AWT-EventQueue-0 com.whcdit.tlbb.service.impl.RobotService - 【智慧人生】【鼠标轻轻的点了一下坐标[X:504，Y:500]】
INFO AWT-EventQueue-0 com.whcdit.tlbb.service.impl.RobotService - 【智慧人生】【鼠标轻轻的点了一下坐标[X:554，Y:500]】
INFO AWT-EventQueue-0 com.whcdit.tlbb.service.impl.RobotService - 【智慧人生】【鼠标轻轻的点了一下坐标[X:604，Y:500]】
INFO AWT-EventQueue-0 com.whcdit.tlbb.service.impl.RobotService - 【智慧人生】【鼠标轻轻的点了一下坐标[X:654，Y:500]】
INFO AWT-EventQueue-0 com.whcdit.tlbb.service.impl.RobotService - 【智慧人生】【鼠标轻轻的点了一下坐标[X:704，Y:500]】
INFO AWT-EventQueue-0 com.whcdit.tlbb.service.impl.RobotService - 【智慧人生】【鼠标轻轻的点了一下坐标[X:504，Y:550]】
INFO AWT-EventQueue-0 com.whcdit.tlbb.service.impl.RobotService - 【智慧人生】【鼠标轻轻的点了一下坐标[X:554，Y:550]】
INFO AWT-EventQueue-0 com.whcdit.tlbb.service.impl.RobotService - 【智慧人生】【鼠标轻轻的点了一下坐标[X:604，Y:550]】
INFO AWT-EventQueue-0 com.whcdit.tlbb.service.impl.RobotService - 【智慧人生】【鼠标轻轻的点了一下坐标[X:654，Y:550]】
INFO AWT-EventQueue-0 com.whcdit.tlbb.service.impl.RobotService - 【智慧人生】【鼠标轻轻的点了一下坐标[X:704，Y:550]】
INFO AWT-EventQueue-0 com.whcdit.tlbb.service.impl.RobotService - 【智慧人生】【鼠标轻轻的点了一下坐标[X:504，Y:600]】
INFO AWT-EventQueue-0 com.whcdit.tlbb.service.impl.RobotService - 【智慧人生】【鼠标轻轻的点了一下坐标[X:554，Y:600]】
INFO AWT-EventQueue-0 com.whcdit.tlbb.service.impl.RobotService - 【智慧人生】【鼠标轻轻的点了一下坐标[X:604，Y:600]】
INFO AWT-EventQueue-0 com.whcdit.tlbb.service.impl.RobotService - 【智慧人生】【鼠标轻轻的点了一下坐标[X:654，Y:600]】
INFO AWT-EventQueue-0 com.whcdit.tlbb.service.impl.RobotService - 【智慧人生】【鼠标轻轻的点了一下坐标[X:704，Y:600]】
INFO AWT-EventQueue-0 com.whcdit.tlbb.service.impl.RobotService - 【智慧人生】【鼠标轻轻的点了一下坐标[X:504，Y:650]】
INFO AWT-EventQueue-0 com.whcdit.tlbb.service.impl.RobotService - 【智慧人生】【鼠标轻轻的点了一下坐标[X:554，Y:650]】
INFO AWT-EventQueue-0 com.whcdit.tlbb.service.impl.RobotService - 【智慧人生】【鼠标轻轻的点了一下坐标[X:604，Y:650]】
INFO AWT-EventQueue-0 com.whcdit.tlbb.service.impl.RobotService - 【智慧人生】【鼠标轻轻的点了一下坐标[X:654，Y:650]】
INFO AWT-EventQueue-0 com.whcdit.tlbb.service.impl.RobotService - 【智慧人生】【鼠标轻轻的点了一下坐标[X:704，Y:650]】
INFO AWT-EventQueue-0 com.whcdit.tlbb.service.impl.RobotService - 【Ctrl+Shift+S=停止】【停止运行】
INFO main com.whcdit.tlbb.WhcditMain - 【程序启动】
INFO JavaFX Application Thread com.whcdit.tlbb.service.impl.FileService - WhcditParameter [name=街道口的风34, width=600, height=800, mousex=504, mousey=500, stepx=50, stepy=50, loops=1]
INFO JavaFX Application Thread com.whcdit.tlbb.service.impl.RobotService - 【开始监听键盘】【Ctrl+Shift+R=运行】【Ctrl+Shift+S=停止】
INFO JavaFX Application Thread com.whcdit.tlbb.WhcditMain - 【回调已经成功】
INFO JavaFX Application Thread com.whcdit.tlbb.WhcditMain - 【用户直接关闭了程序窗口】
INFO main com.whcdit.tlbb.WhcditMain - 【程序关闭】
INFO main com.whcdit.tlbb.WhcditMain - 【程序启动】
INFO JavaFX Application Thread com.whcdit.tlbb.service.impl.FileService - WhcditParameter [name=街道口的风34, width=600, height=800, mousex=400, mousey=500, stepx=50, stepy=50, loops=1]
INFO JavaFX Application Thread com.whcdit.tlbb.service.impl.RobotService - 【开始监听键盘】【Ctrl+Shift+R=运行】【Ctrl+Shift+S=停止】
INFO JavaFX Application Thread com.whcdit.tlbb.WhcditMain - 【回调已经成功】
INFO JavaFX Application Thread com.whcdit.tlbb.WhcditMain - 【用户直接关闭了程序窗口】
INFO main com.whcdit.tlbb.WhcditMain - 【程序关闭】
INFO main com.whcdit.tlbb.WhcditMain - 【程序启动】
INFO JavaFX Application Thread com.whcdit.tlbb.service.impl.FileService - WhcditParameter [name=街道口的风34, width=600, height=800, mousex=400, mousey=500, stepx=50, stepy=50, loops=1]
INFO JavaFX Application Thread com.whcdit.tlbb.service.impl.RobotService - 【开始监听键盘】【Ctrl+Shift+R=运行】【Ctrl+Shift+S=停止】
INFO JavaFX Application Thread com.whcdit.tlbb.WhcditMain - 【回调已经成功】
INFO JavaFX Application Thread com.whcdit.tlbb.WhcditMain - 【用户直接关闭了程序窗口】
INFO main com.whcdit.tlbb.WhcditMain - 【程序关闭】
INFO main com.whcdit.tlbb.WhcditMain - 【程序启动】
INFO JavaFX Application Thread com.whcdit.tlbb.service.impl.FileService - WhcditParameter [name=街道口的风34, width=600, height=800, mousex=400, mousey=500, stepx=50, stepy=50, loops=1]
INFO JavaFX Application Thread com.whcdit.tlbb.service.impl.RobotService - 【开始监听键盘】【Ctrl+Shift+R=运行】【Ctrl+Shift+S=停止】
INFO JavaFX Application Thread com.whcdit.tlbb.WhcditMain - 【回调已经成功】
INFO JavaFX Application Thread com.whcdit.tlbb.WhcditMain - 【用户直接关闭了程序窗口】
INFO main com.whcdit.tlbb.WhcditMain - 【程序关闭】
INFO main com.whcdit.tlbb.WhcditMain - 【程序启动】
INFO JavaFX Application Thread com.whcdit.tlbb.service.impl.FileService - WhcditParameter [name=街道口的风34, width=600, height=800, mousex=400, mousey=500, stepx=50, stepy=50, loops=1]
INFO JavaFX Application Thread com.whcdit.tlbb.service.impl.RobotService - 【开始监听键盘】【Ctrl+Shift+R=运行】【Ctrl+Shift+S=停止】
INFO JavaFX Application Thread com.whcdit.tlbb.WhcditMain - 【回调已经成功】
INFO AWT-EventQueue-0 com.whcdit.tlbb.service.impl.RobotService - 【Ctrl+Shift+R=运行】【开始运行】
INFO AWT-EventQueue-0 com.whcdit.tlbb.service.impl.RobotService - 【智慧人生】【五秒倒计时：5】
INFO AWT-EventQueue-0 com.whcdit.tlbb.service.impl.RobotService - 【智慧人生】【五秒倒计时：4】
INFO AWT-EventQueue-0 com.whcdit.tlbb.service.impl.RobotService - 【智慧人生】【五秒倒计时：3】
INFO AWT-EventQueue-0 com.whcdit.tlbb.service.impl.RobotService - 【智慧人生】【五秒倒计时：2】
INFO AWT-EventQueue-0 com.whcdit.tlbb.service.impl.RobotService - 【智慧人生】【五秒倒计时：1】
INFO AWT-EventQueue-0 com.whcdit.tlbb.service.impl.RobotService - 【智慧人生】【鼠标移动到起始坐标[X:400，Y:500]，并使用左键点中目标程序】
INFO AWT-EventQueue-0 com.whcdit.tlbb.service.impl.RobotService - 【智慧人生】【鼠标轻轻的点了一下坐标[X:400，Y:500]】
INFO AWT-EventQueue-0 com.whcdit.tlbb.service.impl.RobotService - 【智慧人生】【鼠标轻轻的点了一下坐标[X:450，Y:500]】
INFO AWT-EventQueue-0 com.whcdit.tlbb.service.impl.RobotService - 【智慧人生】【鼠标轻轻的点了一下坐标[X:500，Y:500]】
INFO AWT-EventQueue-0 com.whcdit.tlbb.service.impl.RobotService - 【智慧人生】【鼠标轻轻的点了一下坐标[X:550，Y:500]】
INFO AWT-EventQueue-0 com.whcdit.tlbb.service.impl.RobotService - 【智慧人生】【鼠标轻轻的点了一下坐标[X:600，Y:500]】
INFO AWT-EventQueue-0 com.whcdit.tlbb.service.impl.RobotService - 【智慧人生】【鼠标轻轻的点了一下坐标[X:400，Y:550]】
INFO AWT-EventQueue-0 com.whcdit.tlbb.service.impl.RobotService - 【智慧人生】【鼠标轻轻的点了一下坐标[X:450，Y:550]】
INFO AWT-EventQueue-0 com.whcdit.tlbb.service.impl.RobotService - 【智慧人生】【鼠标轻轻的点了一下坐标[X:500，Y:550]】
INFO AWT-EventQueue-0 com.whcdit.tlbb.service.impl.RobotService - 【智慧人生】【鼠标轻轻的点了一下坐标[X:550，Y:550]】
INFO AWT-EventQueue-0 com.whcdit.tlbb.service.impl.RobotService - 【智慧人生】【鼠标轻轻的点了一下坐标[X:600，Y:550]】
INFO AWT-EventQueue-0 com.whcdit.tlbb.service.impl.RobotService - 【智慧人生】【鼠标轻轻的点了一下坐标[X:400，Y:600]】
INFO AWT-EventQueue-0 com.whcdit.tlbb.service.impl.RobotService - 【智慧人生】【鼠标轻轻的点了一下坐标[X:450，Y:600]】
INFO AWT-EventQueue-0 com.whcdit.tlbb.service.impl.RobotService - 【智慧人生】【鼠标轻轻的点了一下坐标[X:500，Y:600]】
INFO AWT-EventQueue-0 com.whcdit.tlbb.service.impl.RobotService - 【智慧人生】【鼠标轻轻的点了一下坐标[X:550，Y:600]】
INFO AWT-EventQueue-0 com.whcdit.tlbb.service.impl.RobotService - 【智慧人生】【鼠标轻轻的点了一下坐标[X:600，Y:600]】
INFO AWT-EventQueue-0 com.whcdit.tlbb.service.impl.RobotService - 【智慧人生】【鼠标轻轻的点了一下坐标[X:400，Y:650]】
INFO AWT-EventQueue-0 com.whcdit.tlbb.service.impl.RobotService - 【智慧人生】【鼠标轻轻的点了一下坐标[X:450，Y:650]】
INFO AWT-EventQueue-0 com.whcdit.tlbb.service.impl.RobotService - 【智慧人生】【鼠标轻轻的点了一下坐标[X:500，Y:650]】
INFO AWT-EventQueue-0 com.whcdit.tlbb.service.impl.RobotService - 【智慧人生】【鼠标轻轻的点了一下坐标[X:550，Y:650]】
INFO AWT-EventQueue-0 com.whcdit.tlbb.service.impl.RobotService - 【智慧人生】【鼠标轻轻的点了一下坐标[X:600，Y:650]】
INFO AWT-EventQueue-0 com.whcdit.tlbb.service.impl.RobotService - 【Ctrl+Shift+S=停止】【停止运行】
INFO AWT-EventQueue-0 com.whcdit.tlbb.service.impl.RobotService - 【智慧人生】【停止后，鼠标统一停放在屏幕左上角】
INFO AWT-EventQueue-0 com.whcdit.tlbb.service.impl.RobotService - 【Ctrl+Shift+R=运行】【开始运行】
INFO AWT-EventQueue-0 com.whcdit.tlbb.service.impl.RobotService - 【智慧人生】【五秒倒计时：5】
INFO AWT-EventQueue-0 com.whcdit.tlbb.service.impl.RobotService - 【智慧人生】【五秒倒计时：4】
INFO AWT-EventQueue-0 com.whcdit.tlbb.service.impl.RobotService - 【智慧人生】【五秒倒计时：3】
INFO AWT-EventQueue-0 com.whcdit.tlbb.service.impl.RobotService - 【智慧人生】【五秒倒计时：2】
INFO AWT-EventQueue-0 com.whcdit.tlbb.service.impl.RobotService - 【智慧人生】【五秒倒计时：1】
INFO AWT-EventQueue-0 com.whcdit.tlbb.service.impl.RobotService - 【智慧人生】【鼠标移动到起始坐标[X:300，Y:300]，并使用左键点中目标程序】
INFO AWT-EventQueue-0 com.whcdit.tlbb.service.impl.RobotService - 【智慧人生】【鼠标轻轻的点了一下坐标[X:300，Y:300]】
INFO AWT-EventQueue-0 com.whcdit.tlbb.service.impl.RobotService - 【智慧人生】【鼠标轻轻的点了一下坐标[X:350，Y:300]】
INFO AWT-EventQueue-0 com.whcdit.tlbb.service.impl.RobotService - 【智慧人生】【鼠标轻轻的点了一下坐标[X:400，Y:300]】
INFO AWT-EventQueue-0 com.whcdit.tlbb.service.impl.RobotService - 【智慧人生】【鼠标轻轻的点了一下坐标[X:450，Y:300]】
INFO AWT-EventQueue-0 com.whcdit.tlbb.service.impl.RobotService - 【智慧人生】【鼠标轻轻的点了一下坐标[X:500，Y:300]】
INFO AWT-EventQueue-0 com.whcdit.tlbb.service.impl.RobotService - 【智慧人生】【鼠标轻轻的点了一下坐标[X:300，Y:350]】
INFO AWT-EventQueue-0 com.whcdit.tlbb.service.impl.RobotService - 【智慧人生】【鼠标轻轻的点了一下坐标[X:350，Y:350]】
INFO AWT-EventQueue-0 com.whcdit.tlbb.service.impl.RobotService - 【智慧人生】【鼠标轻轻的点了一下坐标[X:400，Y:350]】
INFO AWT-EventQueue-0 com.whcdit.tlbb.service.impl.RobotService - 【智慧人生】【鼠标轻轻的点了一下坐标[X:450，Y:350]】
INFO AWT-EventQueue-0 com.whcdit.tlbb.service.impl.RobotService - 【智慧人生】【鼠标轻轻的点了一下坐标[X:500，Y:350]】
INFO AWT-EventQueue-0 com.whcdit.tlbb.service.impl.RobotService - 【智慧人生】【鼠标轻轻的点了一下坐标[X:300，Y:400]】
INFO AWT-EventQueue-0 com.whcdit.tlbb.service.impl.RobotService - 【智慧人生】【鼠标轻轻的点了一下坐标[X:350，Y:400]】
INFO AWT-EventQueue-0 com.whcdit.tlbb.service.impl.RobotService - 【智慧人生】【鼠标轻轻的点了一下坐标[X:400，Y:400]】
INFO AWT-EventQueue-0 com.whcdit.tlbb.service.impl.RobotService - 【智慧人生】【鼠标轻轻的点了一下坐标[X:450，Y:400]】
INFO AWT-EventQueue-0 com.whcdit.tlbb.service.impl.RobotService - 【智慧人生】【鼠标轻轻的点了一下坐标[X:500，Y:400]】
INFO AWT-EventQueue-0 com.whcdit.tlbb.service.impl.RobotService - 【智慧人生】【鼠标轻轻的点了一下坐标[X:300，Y:450]】
INFO AWT-EventQueue-0 com.whcdit.tlbb.service.impl.RobotService - 【智慧人生】【鼠标轻轻的点了一下坐标[X:350，Y:450]】
INFO AWT-EventQueue-0 com.whcdit.tlbb.service.impl.RobotService - 【智慧人生】【鼠标轻轻的点了一下坐标[X:400，Y:450]】
INFO AWT-EventQueue-0 com.whcdit.tlbb.service.impl.RobotService - 【智慧人生】【鼠标轻轻的点了一下坐标[X:450，Y:450]】
INFO AWT-EventQueue-0 com.whcdit.tlbb.service.impl.RobotService - 【智慧人生】【鼠标轻轻的点了一下坐标[X:500，Y:450]】
INFO AWT-EventQueue-0 com.whcdit.tlbb.service.impl.RobotService - 【Ctrl+Shift+S=停止】【停止运行】
INFO AWT-EventQueue-0 com.whcdit.tlbb.service.impl.RobotService - 【智慧人生】【停止后，鼠标统一停放在屏幕左上角】
INFO JavaFX Application Thread com.whcdit.tlbb.WhcditMain - 【用户直接关闭了程序窗口】
INFO main com.whcdit.tlbb.WhcditMain - 【程序关闭】
